2022-11-03 00:13:18,765 INFO notifyConnectTimeout:200

2022-11-03 00:13:18,767 INFO notifySocketTimeout:8000

2022-11-03 00:13:18,767 INFO isHealthCheck:true

2022-11-03 00:13:18,767 INFO maxHealthCheckFailCount:12

2022-11-03 00:13:18,767 INFO maxContent:10485760

2022-11-03 00:15:15,412 INFO notifyConnectTimeout:200

2022-11-03 00:15:15,414 INFO notifySocketTimeout:8000

2022-11-03 00:15:15,414 INFO isHealthCheck:true

2022-11-03 00:15:15,414 INFO maxHealthCheckFailCount:12

2022-11-03 00:15:15,414 INFO maxContent:10485760

2022-11-03 00:30:05,539 INFO notifyConnectTimeout:200

2022-11-03 00:30:05,541 INFO notifySocketTimeout:8000

2022-11-03 00:30:05,541 INFO isHealthCheck:true

2022-11-03 00:30:05,541 INFO maxHealthCheckFailCount:12

2022-11-03 00:30:05,541 INFO maxContent:10485760

2022-11-03 00:32:38,994 INFO notifyConnectTimeout:200

2022-11-03 00:32:38,996 INFO notifySocketTimeout:8000

2022-11-03 00:32:38,996 INFO isHealthCheck:true

2022-11-03 00:32:38,996 INFO maxHealthCheckFailCount:12

2022-11-03 00:32:38,996 INFO maxContent:10485760

2022-11-03 00:32:41,181 INFO use local db service for init

2022-11-03 00:32:41,765 WARN Lexical error at line 4, column 66.  Encountered: <EOF> after : "".

2022-11-03 00:32:41,767 WARN Syntax error: Encountered "*" at line 1, column 1.

2022-11-03 00:32:42,024 WARN Lexical error at line 4, column 13.  Encountered: "`" (96), after : "".

2022-11-03 00:32:42,024 WARN Lexical error at line 1, column 13.  Encountered: "`" (96), after : "".

2022-11-03 00:32:42,024 WARN Lexical error at line 1, column 13.  Encountered: "`" (96), after : "".

2022-11-03 00:32:42,024 WARN Lexical error at line 1, column 13.  Encountered: "`" (96), after : "".

2022-11-03 00:32:42,024 INFO use StandaloneDatabaseOperateImpl

2022-11-03 00:32:42,065 WARN DumpService start

2022-11-03 00:32:42,065 INFO start clear all config-info.

2022-11-03 00:32:42,066 WARN clear all config-info failed.

2022-11-03 00:32:42,066 WARN clear all config-info-tenant failed.

2022-11-03 00:32:42,090 INFO start clear all config-info-beta.

2022-11-03 00:32:42,090 WARN clear all config-info-beta failed.

2022-11-03 00:32:42,090 WARN clear all config-info-beta-tenant failed.

2022-11-03 00:32:42,096 INFO start clear all config-info-tag.

2022-11-03 00:32:42,096 WARN clear all config-info-tag failed.

2022-11-03 00:32:42,096 WARN clear all config-info-tag-tenant failed.

2022-11-03 00:38:21,896 INFO notifyConnectTimeout:200

2022-11-03 00:38:21,898 INFO notifySocketTimeout:8000

2022-11-03 00:38:21,898 INFO isHealthCheck:true

2022-11-03 00:38:21,898 INFO maxHealthCheckFailCount:12

2022-11-03 00:38:21,898 INFO maxContent:10485760

2022-11-03 00:38:23,912 INFO use local db service for init

2022-11-03 00:38:24,271 WARN Lexical error at line 4, column 66.  Encountered: <EOF> after : "".

2022-11-03 00:38:24,273 WARN Syntax error: Encountered "*" at line 1, column 1.

2022-11-03 00:38:24,298 WARN Table/View 'CONFIG_INFO' already exists in Schema 'NACOS'.

2022-11-03 00:38:24,329 WARN Table/View 'HIS_CONFIG_INFO' already exists in Schema 'NACOS'.

2022-11-03 00:38:24,343 WARN Table/View 'CONFIG_INFO_BETA' already exists in Schema 'NACOS'.

2022-11-03 00:38:24,350 WARN Table/View 'CONFIG_INFO_TAG' already exists in Schema 'NACOS'.

2022-11-03 00:38:24,356 WARN Table/View 'CONFIG_INFO_AGGR' already exists in Schema 'NACOS'.

2022-11-03 00:38:24,363 WARN Table/View 'APP_LIST' already exists in Schema 'NACOS'.

2022-11-03 00:38:24,368 WARN Table/View 'APP_CONFIGDATA_RELATION_SUBS' already exists in Schema 'NACOS'.

2022-11-03 00:38:24,373 WARN Table/View 'APP_CONFIGDATA_RELATION_PUBS' already exists in Schema 'NACOS'.

2022-11-03 00:38:24,378 WARN Table/View 'CONFIG_TAGS_RELATION' already exists in Schema 'NACOS'.

2022-11-03 00:38:24,385 WARN Table/View 'GROUP_CAPACITY' already exists in Schema 'NACOS'.

2022-11-03 00:38:24,390 WARN Table/View 'TENANT_CAPACITY' already exists in Schema 'NACOS'.

2022-11-03 00:38:24,395 WARN Table/View 'TENANT_INFO' already exists in Schema 'NACOS'.

2022-11-03 00:38:24,401 WARN Table/View 'USERS' already exists in Schema 'NACOS'.

2022-11-03 00:38:24,406 WARN Table/View 'ROLES' already exists in Schema 'NACOS'.

2022-11-03 00:38:24,411 WARN Table/View 'PERMISSIONS' already exists in Schema 'NACOS'.

2022-11-03 00:38:24,435 WARN The statement was aborted because it would have caused a duplicate key value in a unique or primary key constraint or unique index identified by 'SQL221103003241980' defined on 'USERS'.

2022-11-03 00:38:24,438 WARN The statement was aborted because it would have caused a duplicate key value in a unique or primary key constraint or unique index identified by 'UK_USERNAME_ROLE' defined on 'ROLES'.

2022-11-03 00:38:24,438 WARN Lexical error at line 4, column 13.  Encountered: "`" (96), after : "".

2022-11-03 00:38:24,438 WARN Lexical error at line 1, column 13.  Encountered: "`" (96), after : "".

2022-11-03 00:38:24,438 WARN Lexical error at line 1, column 13.  Encountered: "`" (96), after : "".

2022-11-03 00:38:24,438 WARN Lexical error at line 1, column 13.  Encountered: "`" (96), after : "".

2022-11-03 00:38:24,438 INFO use StandaloneDatabaseOperateImpl

2022-11-03 00:38:24,482 WARN DumpService start

2022-11-03 00:38:24,482 INFO start clear all config-info.

2022-11-03 00:38:24,483 WARN clear all config-info failed.

2022-11-03 00:38:24,483 WARN clear all config-info-tenant failed.

2022-11-03 00:38:24,506 INFO start clear all config-info-beta.

2022-11-03 00:38:24,506 WARN clear all config-info-beta failed.

2022-11-03 00:38:24,506 WARN clear all config-info-beta-tenant failed.

2022-11-03 00:38:24,512 INFO start clear all config-info-tag.

2022-11-03 00:38:24,512 WARN clear all config-info-tag failed.

2022-11-03 00:38:24,512 WARN clear all config-info-tag-tenant failed.

