2022-11-03 00:13:20,929 INFO Current addressing mode selection : AddressServerMemberLookup

2022-11-03 00:13:31,855 ERROR [serverlist] exception, error : caused: jmenv.tbsite.net;

2022-11-03 00:13:31,855 ERROR [serverlist] exception, error : caused: jmenv.tbsite.net;

2022-11-03 00:13:31,855 ERROR [serverlist] exception, error : caused: jmenv.tbsite.net;

2022-11-03 00:13:31,856 ERROR [serverlist] exception, error : caused: jmenv.tbsite.net;

2022-11-03 00:13:31,856 ERROR [serverlist] exception, error : caused: jmenv.tbsite.net;

2022-11-03 00:15:17,621 INFO Current addressing mode selection : AddressServerMemberLookup

2022-11-03 00:15:27,853 ERROR [serverlist] exception, error : caused: jmenv.tbsite.net;

2022-11-03 00:15:27,853 ERROR [serverlist] exception, error : caused: jmenv.tbsite.net;

2022-11-03 00:15:27,853 ERROR [serverlist] exception, error : caused: jmenv.tbsite.net;

2022-11-03 00:15:27,853 ERROR [serverlist] exception, error : caused: jmenv.tbsite.net;

2022-11-03 00:15:27,854 ERROR [serverlist] exception, error : caused: jmenv.tbsite.net;

2022-11-03 00:30:07,450 INFO Current addressing mode selection : AddressServerMemberLookup

2022-11-03 00:30:17,838 ERROR [serverlist] exception, error : caused: jmenv.tbsite.net;

2022-11-03 00:30:17,838 ERROR [serverlist] exception, error : caused: jmenv.tbsite.net;

2022-11-03 00:30:17,838 ERROR [serverlist] exception, error : caused: jmenv.tbsite.net;

2022-11-03 00:30:17,839 ERROR [serverlist] exception, error : caused: jmenv.tbsite.net;

2022-11-03 00:30:17,839 ERROR [serverlist] exception, error : caused: jmenv.tbsite.net;

2022-11-03 00:32:40,859 INFO Current addressing mode selection : StandaloneMemberLookup

2022-11-03 00:32:42,112 WARN [ClusterRpcClientProxy] success to refresh cluster rpc client on start up,members =[] 

2022-11-03 00:32:43,632 INFO This node is ready to provide external services

2022-11-03 00:38:23,681 INFO Current addressing mode selection : StandaloneMemberLookup

2022-11-03 00:38:24,529 WARN [ClusterRpcClientProxy] success to refresh cluster rpc client on start up,members =[] 

2022-11-03 00:38:26,025 INFO This node is ready to provide external services

