2022-11-03 00:32:40,883 WARN naming.distro config will be removed, please use core.protocol.distro replace.

2022-11-03 00:32:40,883 WARN Using naming.distro config to replace core.distro config

2022-11-03 00:32:40,953 INFO open empty service auto clean job, initialDelay : 50000 ms, period : 30000 ms

2022-11-03 00:32:40,954 INFO listen for service meta change

2022-11-03 00:32:40,957 INFO upgrade.state file is not exist

2022-11-03 00:32:42,635 INFO [SelectorManager] Load SelectorContextBuilder(class com.alibaba.nacos.naming.selector.context.CmdbSelectorContextBuilder) contextType(CMDB) successfully.

2022-11-03 00:32:42,635 INFO [SelectorManager] Load SelectorContextBuilder(class com.alibaba.nacos.naming.selector.context.NoneSelectorContextBuilder) contextType(NONE) successfully.

2022-11-03 00:32:42,635 INFO [SelectorManager] Load Selector(class com.alibaba.nacos.naming.selector.LabelSelector) type(label) contextType(CMDB) successfully.

2022-11-03 00:32:42,635 INFO [SelectorManager] Load Selector(class com.alibaba.nacos.naming.selector.NoneSelector) type(none) contextType(NONE) successfully.

2022-11-03 00:32:43,063 INFO Load instance extension handler []

2022-11-03 00:38:02,382 WARN [NamingServerHttpClientManager] Start destroying HTTP-Client

2022-11-03 00:38:02,390 WARN [NamingServerHttpClientManager] Destruction of the end

2022-11-03 00:38:23,697 WARN naming.distro config will be removed, please use core.protocol.distro replace.

2022-11-03 00:38:23,697 WARN Using naming.distro config to replace core.distro config

2022-11-03 00:38:23,749 INFO open empty service auto clean job, initialDelay : 50000 ms, period : 30000 ms

2022-11-03 00:38:23,750 INFO listen for service meta change

2022-11-03 00:38:25,056 INFO [SelectorManager] Load SelectorContextBuilder(class com.alibaba.nacos.naming.selector.context.CmdbSelectorContextBuilder) contextType(CMDB) successfully.

2022-11-03 00:38:25,056 INFO [SelectorManager] Load SelectorContextBuilder(class com.alibaba.nacos.naming.selector.context.NoneSelectorContextBuilder) contextType(NONE) successfully.

2022-11-03 00:38:25,057 INFO [SelectorManager] Load Selector(class com.alibaba.nacos.naming.selector.LabelSelector) type(label) contextType(CMDB) successfully.

2022-11-03 00:38:25,057 INFO [SelectorManager] Load Selector(class com.alibaba.nacos.naming.selector.NoneSelector) type(none) contextType(NONE) successfully.

2022-11-03 00:38:25,477 INFO Load instance extension handler []

2022-11-03 00:40:04,184 WARN [NamingServerHttpClientManager] Start destroying HTTP-Client

2022-11-03 00:40:04,191 WARN [NamingServerHttpClientManager] Destruction of the end

