2022-11-03 00:32:43,165 INFO Connection check task start

2022-11-03 00:32:43,168 INFO Total count =0, sdkCount=0,clusterCount=0, currentLimit=-1, toExpelCount=0

2022-11-03 00:32:43,168 INFO Check over limit for ip limit rule, over limit ip count=0

2022-11-03 00:32:43,168 INFO Out dated connection ,size=0

2022-11-03 00:32:43,168 INFO Connection check task end

2022-11-03 00:32:46,170 INFO Connection check task start

2022-11-03 00:32:46,170 INFO Total count =0, sdkCount=0,clusterCount=0, currentLimit=-1, toExpelCount=0

2022-11-03 00:32:46,170 INFO Check over limit for ip limit rule, over limit ip count=0

2022-11-03 00:32:46,170 INFO Out dated connection ,size=0

2022-11-03 00:32:46,170 INFO Connection check task end

2022-11-03 00:32:49,172 INFO Connection check task start

2022-11-03 00:32:49,172 INFO Total count =0, sdkCount=0,clusterCount=0, currentLimit=-1, toExpelCount=0

2022-11-03 00:32:49,172 INFO Check over limit for ip limit rule, over limit ip count=0

2022-11-03 00:32:49,172 INFO Out dated connection ,size=0

2022-11-03 00:32:49,172 INFO Connection check task end

2022-11-03 00:32:52,172 INFO Connection check task start

2022-11-03 00:32:52,172 INFO Total count =0, sdkCount=0,clusterCount=0, currentLimit=-1, toExpelCount=0

2022-11-03 00:32:52,172 INFO Check over limit for ip limit rule, over limit ip count=0

2022-11-03 00:32:52,172 INFO Out dated connection ,size=0

2022-11-03 00:32:52,172 INFO Connection check task end

2022-11-03 00:32:55,174 INFO Connection check task start

2022-11-03 00:32:55,174 INFO Total count =0, sdkCount=0,clusterCount=0, currentLimit=-1, toExpelCount=0

2022-11-03 00:32:55,174 INFO Check over limit for ip limit rule, over limit ip count=0

2022-11-03 00:32:55,174 INFO Out dated connection ,size=0

2022-11-03 00:32:55,174 INFO Connection check task end

2022-11-03 00:32:58,176 INFO Connection check task start

2022-11-03 00:32:58,176 INFO Total count =0, sdkCount=0,clusterCount=0, currentLimit=-1, toExpelCount=0

2022-11-03 00:32:58,176 INFO Check over limit for ip limit rule, over limit ip count=0

2022-11-03 00:32:58,176 INFO Out dated connection ,size=0

2022-11-03 00:32:58,176 INFO Connection check task end

2022-11-03 00:33:01,178 INFO Connection check task start

2022-11-03 00:33:01,178 INFO Total count =0, sdkCount=0,clusterCount=0, currentLimit=-1, toExpelCount=0

2022-11-03 00:33:01,178 INFO Check over limit for ip limit rule, over limit ip count=0

2022-11-03 00:33:01,178 INFO Out dated connection ,size=0

2022-11-03 00:33:01,178 INFO Connection check task end

2022-11-03 00:33:04,180 INFO Connection check task start

2022-11-03 00:33:04,180 INFO Total count =0, sdkCount=0,clusterCount=0, currentLimit=-1, toExpelCount=0

2022-11-03 00:33:04,180 INFO Check over limit for ip limit rule, over limit ip count=0

2022-11-03 00:33:04,180 INFO Out dated connection ,size=0

2022-11-03 00:33:04,180 INFO Connection check task end

2022-11-03 00:33:07,182 INFO Connection check task start

2022-11-03 00:33:07,182 INFO Total count =0, sdkCount=0,clusterCount=0, currentLimit=-1, toExpelCount=0

2022-11-03 00:33:07,182 INFO Check over limit for ip limit rule, over limit ip count=0

2022-11-03 00:33:07,182 INFO Out dated connection ,size=0

2022-11-03 00:33:07,182 INFO Connection check task end

2022-11-03 00:33:10,184 INFO Connection check task start

2022-11-03 00:33:10,184 INFO Total count =0, sdkCount=0,clusterCount=0, currentLimit=-1, toExpelCount=0

2022-11-03 00:33:10,184 INFO Check over limit for ip limit rule, over limit ip count=0

2022-11-03 00:33:10,184 INFO Out dated connection ,size=0

2022-11-03 00:33:10,184 INFO Connection check task end

2022-11-03 00:33:13,185 INFO Connection check task start

2022-11-03 00:33:13,186 INFO Total count =0, sdkCount=0,clusterCount=0, currentLimit=-1, toExpelCount=0

2022-11-03 00:33:13,186 INFO Check over limit for ip limit rule, over limit ip count=0

2022-11-03 00:33:13,186 INFO Out dated connection ,size=0

2022-11-03 00:33:13,186 INFO Connection check task end

2022-11-03 00:33:16,193 INFO Connection check task start

2022-11-03 00:33:16,193 INFO Total count =0, sdkCount=0,clusterCount=0, currentLimit=-1, toExpelCount=0

2022-11-03 00:33:16,193 INFO Check over limit for ip limit rule, over limit ip count=0

2022-11-03 00:33:16,193 INFO Out dated connection ,size=0

2022-11-03 00:33:16,193 INFO Connection check task end

2022-11-03 00:33:19,194 INFO Connection check task start

2022-11-03 00:33:19,194 INFO Total count =0, sdkCount=0,clusterCount=0, currentLimit=-1, toExpelCount=0

2022-11-03 00:33:19,194 INFO Check over limit for ip limit rule, over limit ip count=0

2022-11-03 00:33:19,194 INFO Out dated connection ,size=0

2022-11-03 00:33:19,194 INFO Connection check task end

2022-11-03 00:33:22,194 INFO Connection check task start

2022-11-03 00:33:22,194 INFO Total count =0, sdkCount=0,clusterCount=0, currentLimit=-1, toExpelCount=0

2022-11-03 00:33:22,194 INFO Check over limit for ip limit rule, over limit ip count=0

2022-11-03 00:33:22,194 INFO Out dated connection ,size=0

2022-11-03 00:33:22,194 INFO Connection check task end

2022-11-03 00:33:25,196 INFO Connection check task start

2022-11-03 00:33:25,196 INFO Total count =0, sdkCount=0,clusterCount=0, currentLimit=-1, toExpelCount=0

2022-11-03 00:33:25,196 INFO Check over limit for ip limit rule, over limit ip count=0

2022-11-03 00:33:25,196 INFO Out dated connection ,size=0

2022-11-03 00:33:25,196 INFO Connection check task end

2022-11-03 00:33:28,197 INFO Connection check task start

2022-11-03 00:33:28,197 INFO Total count =0, sdkCount=0,clusterCount=0, currentLimit=-1, toExpelCount=0

2022-11-03 00:33:28,197 INFO Check over limit for ip limit rule, over limit ip count=0

2022-11-03 00:33:28,197 INFO Out dated connection ,size=0

2022-11-03 00:33:28,197 INFO Connection check task end

2022-11-03 00:33:31,198 INFO Connection check task start

2022-11-03 00:33:31,198 INFO Total count =0, sdkCount=0,clusterCount=0, currentLimit=-1, toExpelCount=0

2022-11-03 00:33:31,198 INFO Check over limit for ip limit rule, over limit ip count=0

2022-11-03 00:33:31,198 INFO Out dated connection ,size=0

2022-11-03 00:33:31,198 INFO Connection check task end

2022-11-03 00:33:34,200 INFO Connection check task start

2022-11-03 00:33:34,200 INFO Total count =0, sdkCount=0,clusterCount=0, currentLimit=-1, toExpelCount=0

2022-11-03 00:33:34,200 INFO Check over limit for ip limit rule, over limit ip count=0

2022-11-03 00:33:34,200 INFO Out dated connection ,size=0

2022-11-03 00:33:34,200 INFO Connection check task end

2022-11-03 00:33:37,201 INFO Connection check task start

2022-11-03 00:33:37,201 INFO Total count =0, sdkCount=0,clusterCount=0, currentLimit=-1, toExpelCount=0

2022-11-03 00:33:37,201 INFO Check over limit for ip limit rule, over limit ip count=0

2022-11-03 00:33:37,201 INFO Out dated connection ,size=0

2022-11-03 00:33:37,201 INFO Connection check task end

2022-11-03 00:33:40,202 INFO Connection check task start

2022-11-03 00:33:40,202 INFO Total count =0, sdkCount=0,clusterCount=0, currentLimit=-1, toExpelCount=0

2022-11-03 00:33:40,202 INFO Check over limit for ip limit rule, over limit ip count=0

2022-11-03 00:33:40,202 INFO Out dated connection ,size=0

2022-11-03 00:33:40,202 INFO Connection check task end

2022-11-03 00:33:43,203 INFO Connection check task start

2022-11-03 00:33:43,203 INFO Total count =0, sdkCount=0,clusterCount=0, currentLimit=-1, toExpelCount=0

2022-11-03 00:33:43,203 INFO Check over limit for ip limit rule, over limit ip count=0

2022-11-03 00:33:43,203 INFO Out dated connection ,size=0

2022-11-03 00:33:43,203 INFO Connection check task end

2022-11-03 00:33:46,203 INFO Connection check task start

2022-11-03 00:33:46,203 INFO Total count =0, sdkCount=0,clusterCount=0, currentLimit=-1, toExpelCount=0

2022-11-03 00:33:46,203 INFO Check over limit for ip limit rule, over limit ip count=0

2022-11-03 00:33:46,203 INFO Out dated connection ,size=0

2022-11-03 00:33:46,203 INFO Connection check task end

2022-11-03 00:33:49,204 INFO Connection check task start

2022-11-03 00:33:49,204 INFO Total count =0, sdkCount=0,clusterCount=0, currentLimit=-1, toExpelCount=0

2022-11-03 00:33:49,204 INFO Check over limit for ip limit rule, over limit ip count=0

2022-11-03 00:33:49,204 INFO Out dated connection ,size=0

2022-11-03 00:33:49,204 INFO Connection check task end

2022-11-03 00:33:52,206 INFO Connection check task start

2022-11-03 00:33:52,206 INFO Total count =0, sdkCount=0,clusterCount=0, currentLimit=-1, toExpelCount=0

2022-11-03 00:33:52,206 INFO Check over limit for ip limit rule, over limit ip count=0

2022-11-03 00:33:52,206 INFO Out dated connection ,size=0

2022-11-03 00:33:52,206 INFO Connection check task end

2022-11-03 00:33:55,208 INFO Connection check task start

2022-11-03 00:33:55,208 INFO Total count =0, sdkCount=0,clusterCount=0, currentLimit=-1, toExpelCount=0

2022-11-03 00:33:55,208 INFO Check over limit for ip limit rule, over limit ip count=0

2022-11-03 00:33:55,208 INFO Out dated connection ,size=0

2022-11-03 00:33:55,208 INFO Connection check task end

2022-11-03 00:33:58,209 INFO Connection check task start

2022-11-03 00:33:58,209 INFO Total count =0, sdkCount=0,clusterCount=0, currentLimit=-1, toExpelCount=0

2022-11-03 00:33:58,209 INFO Check over limit for ip limit rule, over limit ip count=0

2022-11-03 00:33:58,209 INFO Out dated connection ,size=0

2022-11-03 00:33:58,209 INFO Connection check task end

2022-11-03 00:34:01,211 INFO Connection check task start

2022-11-03 00:34:01,211 INFO Total count =0, sdkCount=0,clusterCount=0, currentLimit=-1, toExpelCount=0

2022-11-03 00:34:01,211 INFO Check over limit for ip limit rule, over limit ip count=0

2022-11-03 00:34:01,211 INFO Out dated connection ,size=0

2022-11-03 00:34:01,211 INFO Connection check task end

2022-11-03 00:34:04,212 INFO Connection check task start

2022-11-03 00:34:04,212 INFO Total count =0, sdkCount=0,clusterCount=0, currentLimit=-1, toExpelCount=0

2022-11-03 00:34:04,212 INFO Check over limit for ip limit rule, over limit ip count=0

2022-11-03 00:34:04,212 INFO Out dated connection ,size=0

2022-11-03 00:34:04,212 INFO Connection check task end

2022-11-03 00:34:07,213 INFO Connection check task start

2022-11-03 00:34:07,213 INFO Total count =0, sdkCount=0,clusterCount=0, currentLimit=-1, toExpelCount=0

2022-11-03 00:34:07,213 INFO Check over limit for ip limit rule, over limit ip count=0

2022-11-03 00:34:07,213 INFO Out dated connection ,size=0

2022-11-03 00:34:07,213 INFO Connection check task end

2022-11-03 00:34:10,215 INFO Connection check task start

2022-11-03 00:34:10,215 INFO Total count =0, sdkCount=0,clusterCount=0, currentLimit=-1, toExpelCount=0

2022-11-03 00:34:10,215 INFO Check over limit for ip limit rule, over limit ip count=0

2022-11-03 00:34:10,215 INFO Out dated connection ,size=0

2022-11-03 00:34:10,215 INFO Connection check task end

2022-11-03 00:34:13,215 INFO Connection check task start

2022-11-03 00:34:13,215 INFO Total count =0, sdkCount=0,clusterCount=0, currentLimit=-1, toExpelCount=0

2022-11-03 00:34:13,215 INFO Check over limit for ip limit rule, over limit ip count=0

2022-11-03 00:34:13,215 INFO Out dated connection ,size=0

2022-11-03 00:34:13,215 INFO Connection check task end

2022-11-03 00:34:16,217 INFO Connection check task start

2022-11-03 00:34:16,217 INFO Total count =0, sdkCount=0,clusterCount=0, currentLimit=-1, toExpelCount=0

2022-11-03 00:34:16,217 INFO Check over limit for ip limit rule, over limit ip count=0

2022-11-03 00:34:16,217 INFO Out dated connection ,size=0

2022-11-03 00:34:16,217 INFO Connection check task end

2022-11-03 00:34:19,219 INFO Connection check task start

2022-11-03 00:34:19,219 INFO Total count =0, sdkCount=0,clusterCount=0, currentLimit=-1, toExpelCount=0

2022-11-03 00:34:19,219 INFO Check over limit for ip limit rule, over limit ip count=0

2022-11-03 00:34:19,219 INFO Out dated connection ,size=0

2022-11-03 00:34:19,219 INFO Connection check task end

2022-11-03 00:34:22,219 INFO Connection check task start

2022-11-03 00:34:22,219 INFO Total count =0, sdkCount=0,clusterCount=0, currentLimit=-1, toExpelCount=0

2022-11-03 00:34:22,219 INFO Check over limit for ip limit rule, over limit ip count=0

2022-11-03 00:34:22,219 INFO Out dated connection ,size=0

2022-11-03 00:34:22,219 INFO Connection check task end

2022-11-03 00:34:25,220 INFO Connection check task start

2022-11-03 00:34:25,220 INFO Total count =0, sdkCount=0,clusterCount=0, currentLimit=-1, toExpelCount=0

2022-11-03 00:34:25,220 INFO Check over limit for ip limit rule, over limit ip count=0

2022-11-03 00:34:25,220 INFO Out dated connection ,size=0

2022-11-03 00:34:25,220 INFO Connection check task end

2022-11-03 00:34:28,221 INFO Connection check task start

2022-11-03 00:34:28,221 INFO Total count =0, sdkCount=0,clusterCount=0, currentLimit=-1, toExpelCount=0

2022-11-03 00:34:28,221 INFO Check over limit for ip limit rule, over limit ip count=0

2022-11-03 00:34:28,221 INFO Out dated connection ,size=0

2022-11-03 00:34:28,221 INFO Connection check task end

2022-11-03 00:34:31,222 INFO Connection check task start

2022-11-03 00:34:31,222 INFO Total count =0, sdkCount=0,clusterCount=0, currentLimit=-1, toExpelCount=0

2022-11-03 00:34:31,222 INFO Check over limit for ip limit rule, over limit ip count=0

2022-11-03 00:34:31,222 INFO Out dated connection ,size=0

2022-11-03 00:34:31,222 INFO Connection check task end

2022-11-03 00:34:34,223 INFO Connection check task start

2022-11-03 00:34:34,223 INFO Total count =0, sdkCount=0,clusterCount=0, currentLimit=-1, toExpelCount=0

2022-11-03 00:34:34,223 INFO Check over limit for ip limit rule, over limit ip count=0

2022-11-03 00:34:34,223 INFO Out dated connection ,size=0

2022-11-03 00:34:34,223 INFO Connection check task end

2022-11-03 00:34:37,225 INFO Connection check task start

2022-11-03 00:34:37,225 INFO Total count =0, sdkCount=0,clusterCount=0, currentLimit=-1, toExpelCount=0

2022-11-03 00:34:37,225 INFO Check over limit for ip limit rule, over limit ip count=0

2022-11-03 00:34:37,225 INFO Out dated connection ,size=0

2022-11-03 00:34:37,225 INFO Connection check task end

2022-11-03 00:34:40,226 INFO Connection check task start

2022-11-03 00:34:40,226 INFO Total count =0, sdkCount=0,clusterCount=0, currentLimit=-1, toExpelCount=0

2022-11-03 00:34:40,226 INFO Check over limit for ip limit rule, over limit ip count=0

2022-11-03 00:34:40,226 INFO Out dated connection ,size=0

2022-11-03 00:34:40,226 INFO Connection check task end

2022-11-03 00:34:43,227 INFO Connection check task start

2022-11-03 00:34:43,227 INFO Total count =0, sdkCount=0,clusterCount=0, currentLimit=-1, toExpelCount=0

2022-11-03 00:34:43,227 INFO Check over limit for ip limit rule, over limit ip count=0

2022-11-03 00:34:43,227 INFO Out dated connection ,size=0

2022-11-03 00:34:43,227 INFO Connection check task end

2022-11-03 00:34:46,229 INFO Connection check task start

2022-11-03 00:34:46,229 INFO Total count =0, sdkCount=0,clusterCount=0, currentLimit=-1, toExpelCount=0

2022-11-03 00:34:46,229 INFO Check over limit for ip limit rule, over limit ip count=0

2022-11-03 00:34:46,229 INFO Out dated connection ,size=0

2022-11-03 00:34:46,229 INFO Connection check task end

2022-11-03 00:34:49,230 INFO Connection check task start

2022-11-03 00:34:49,230 INFO Total count =0, sdkCount=0,clusterCount=0, currentLimit=-1, toExpelCount=0

2022-11-03 00:34:49,230 INFO Check over limit for ip limit rule, over limit ip count=0

2022-11-03 00:34:49,230 INFO Out dated connection ,size=0

2022-11-03 00:34:49,230 INFO Connection check task end

2022-11-03 00:34:52,231 INFO Connection check task start

2022-11-03 00:34:52,231 INFO Total count =0, sdkCount=0,clusterCount=0, currentLimit=-1, toExpelCount=0

2022-11-03 00:34:52,231 INFO Check over limit for ip limit rule, over limit ip count=0

2022-11-03 00:34:52,231 INFO Out dated connection ,size=0

2022-11-03 00:34:52,231 INFO Connection check task end

2022-11-03 00:34:55,232 INFO Connection check task start

2022-11-03 00:34:55,232 INFO Total count =0, sdkCount=0,clusterCount=0, currentLimit=-1, toExpelCount=0

2022-11-03 00:34:55,232 INFO Check over limit for ip limit rule, over limit ip count=0

2022-11-03 00:34:55,232 INFO Out dated connection ,size=0

2022-11-03 00:34:55,232 INFO Connection check task end

2022-11-03 00:34:58,232 INFO Connection check task start

2022-11-03 00:34:58,232 INFO Total count =0, sdkCount=0,clusterCount=0, currentLimit=-1, toExpelCount=0

2022-11-03 00:34:58,232 INFO Check over limit for ip limit rule, over limit ip count=0

2022-11-03 00:34:58,232 INFO Out dated connection ,size=0

2022-11-03 00:34:58,232 INFO Connection check task end

2022-11-03 00:35:01,234 INFO Connection check task start

2022-11-03 00:35:01,234 INFO Total count =0, sdkCount=0,clusterCount=0, currentLimit=-1, toExpelCount=0

2022-11-03 00:35:01,234 INFO Check over limit for ip limit rule, over limit ip count=0

2022-11-03 00:35:01,234 INFO Out dated connection ,size=0

2022-11-03 00:35:01,234 INFO Connection check task end

2022-11-03 00:35:04,234 INFO Connection check task start

2022-11-03 00:35:04,234 INFO Total count =0, sdkCount=0,clusterCount=0, currentLimit=-1, toExpelCount=0

2022-11-03 00:35:04,234 INFO Check over limit for ip limit rule, over limit ip count=0

2022-11-03 00:35:04,234 INFO Out dated connection ,size=0

2022-11-03 00:35:04,234 INFO Connection check task end

2022-11-03 00:35:07,235 INFO Connection check task start

2022-11-03 00:35:07,235 INFO Total count =0, sdkCount=0,clusterCount=0, currentLimit=-1, toExpelCount=0

2022-11-03 00:35:07,235 INFO Check over limit for ip limit rule, over limit ip count=0

2022-11-03 00:35:07,235 INFO Out dated connection ,size=0

2022-11-03 00:35:07,235 INFO Connection check task end

2022-11-03 00:35:10,235 INFO Connection check task start

2022-11-03 00:35:10,235 INFO Total count =0, sdkCount=0,clusterCount=0, currentLimit=-1, toExpelCount=0

2022-11-03 00:35:10,235 INFO Check over limit for ip limit rule, over limit ip count=0

2022-11-03 00:35:10,235 INFO Out dated connection ,size=0

2022-11-03 00:35:10,235 INFO Connection check task end

2022-11-03 00:35:13,236 INFO Connection check task start

2022-11-03 00:35:13,236 INFO Total count =0, sdkCount=0,clusterCount=0, currentLimit=-1, toExpelCount=0

2022-11-03 00:35:13,236 INFO Check over limit for ip limit rule, over limit ip count=0

2022-11-03 00:35:13,236 INFO Out dated connection ,size=0

2022-11-03 00:35:13,236 INFO Connection check task end

2022-11-03 00:35:16,237 INFO Connection check task start

2022-11-03 00:35:16,237 INFO Total count =0, sdkCount=0,clusterCount=0, currentLimit=-1, toExpelCount=0

2022-11-03 00:35:16,237 INFO Check over limit for ip limit rule, over limit ip count=0

2022-11-03 00:35:16,237 INFO Out dated connection ,size=0

2022-11-03 00:35:16,237 INFO Connection check task end

2022-11-03 00:35:19,239 INFO Connection check task start

2022-11-03 00:35:19,239 INFO Total count =0, sdkCount=0,clusterCount=0, currentLimit=-1, toExpelCount=0

2022-11-03 00:35:19,239 INFO Check over limit for ip limit rule, over limit ip count=0

2022-11-03 00:35:19,239 INFO Out dated connection ,size=0

2022-11-03 00:35:19,239 INFO Connection check task end

2022-11-03 00:35:22,240 INFO Connection check task start

2022-11-03 00:35:22,240 INFO Total count =0, sdkCount=0,clusterCount=0, currentLimit=-1, toExpelCount=0

2022-11-03 00:35:22,240 INFO Check over limit for ip limit rule, over limit ip count=0

2022-11-03 00:35:22,240 INFO Out dated connection ,size=0

2022-11-03 00:35:22,240 INFO Connection check task end

2022-11-03 00:35:25,242 INFO Connection check task start

2022-11-03 00:35:25,242 INFO Total count =0, sdkCount=0,clusterCount=0, currentLimit=-1, toExpelCount=0

2022-11-03 00:35:25,242 INFO Check over limit for ip limit rule, over limit ip count=0

2022-11-03 00:35:25,242 INFO Out dated connection ,size=0

2022-11-03 00:35:25,242 INFO Connection check task end

2022-11-03 00:35:28,243 INFO Connection check task start

2022-11-03 00:35:28,243 INFO Total count =0, sdkCount=0,clusterCount=0, currentLimit=-1, toExpelCount=0

2022-11-03 00:35:28,243 INFO Check over limit for ip limit rule, over limit ip count=0

2022-11-03 00:35:28,243 INFO Out dated connection ,size=0

2022-11-03 00:35:28,243 INFO Connection check task end

2022-11-03 00:35:31,245 INFO Connection check task start

2022-11-03 00:35:31,245 INFO Total count =0, sdkCount=0,clusterCount=0, currentLimit=-1, toExpelCount=0

2022-11-03 00:35:31,245 INFO Check over limit for ip limit rule, over limit ip count=0

2022-11-03 00:35:31,245 INFO Out dated connection ,size=0

2022-11-03 00:35:31,245 INFO Connection check task end

2022-11-03 00:35:34,245 INFO Connection check task start

2022-11-03 00:35:34,245 INFO Total count =0, sdkCount=0,clusterCount=0, currentLimit=-1, toExpelCount=0

2022-11-03 00:35:34,245 INFO Check over limit for ip limit rule, over limit ip count=0

2022-11-03 00:35:34,245 INFO Out dated connection ,size=0

2022-11-03 00:35:34,245 INFO Connection check task end

2022-11-03 00:35:37,247 INFO Connection check task start

2022-11-03 00:35:37,247 INFO Total count =0, sdkCount=0,clusterCount=0, currentLimit=-1, toExpelCount=0

2022-11-03 00:35:37,247 INFO Check over limit for ip limit rule, over limit ip count=0

2022-11-03 00:35:37,247 INFO Out dated connection ,size=0

2022-11-03 00:35:37,247 INFO Connection check task end

2022-11-03 00:35:40,248 INFO Connection check task start

2022-11-03 00:35:40,248 INFO Total count =0, sdkCount=0,clusterCount=0, currentLimit=-1, toExpelCount=0

2022-11-03 00:35:40,248 INFO Check over limit for ip limit rule, over limit ip count=0

2022-11-03 00:35:40,248 INFO Out dated connection ,size=0

2022-11-03 00:35:40,248 INFO Connection check task end

2022-11-03 00:35:43,250 INFO Connection check task start

2022-11-03 00:35:43,250 INFO Total count =0, sdkCount=0,clusterCount=0, currentLimit=-1, toExpelCount=0

2022-11-03 00:35:43,250 INFO Check over limit for ip limit rule, over limit ip count=0

2022-11-03 00:35:43,250 INFO Out dated connection ,size=0

2022-11-03 00:35:43,250 INFO Connection check task end

2022-11-03 00:35:46,251 INFO Connection check task start

2022-11-03 00:35:46,251 INFO Total count =0, sdkCount=0,clusterCount=0, currentLimit=-1, toExpelCount=0

2022-11-03 00:35:46,251 INFO Check over limit for ip limit rule, over limit ip count=0

2022-11-03 00:35:46,251 INFO Out dated connection ,size=0

2022-11-03 00:35:46,251 INFO Connection check task end

2022-11-03 00:35:49,252 INFO Connection check task start

2022-11-03 00:35:49,252 INFO Total count =0, sdkCount=0,clusterCount=0, currentLimit=-1, toExpelCount=0

2022-11-03 00:35:49,252 INFO Check over limit for ip limit rule, over limit ip count=0

2022-11-03 00:35:49,252 INFO Out dated connection ,size=0

2022-11-03 00:35:49,252 INFO Connection check task end

2022-11-03 00:35:52,252 INFO Connection check task start

2022-11-03 00:35:52,252 INFO Total count =0, sdkCount=0,clusterCount=0, currentLimit=-1, toExpelCount=0

2022-11-03 00:35:52,252 INFO Check over limit for ip limit rule, over limit ip count=0

2022-11-03 00:35:52,252 INFO Out dated connection ,size=0

2022-11-03 00:35:52,252 INFO Connection check task end

2022-11-03 00:35:55,254 INFO Connection check task start

2022-11-03 00:35:55,254 INFO Total count =0, sdkCount=0,clusterCount=0, currentLimit=-1, toExpelCount=0

2022-11-03 00:35:55,254 INFO Check over limit for ip limit rule, over limit ip count=0

2022-11-03 00:35:55,254 INFO Out dated connection ,size=0

2022-11-03 00:35:55,254 INFO Connection check task end

2022-11-03 00:35:58,255 INFO Connection check task start

2022-11-03 00:35:58,255 INFO Total count =0, sdkCount=0,clusterCount=0, currentLimit=-1, toExpelCount=0

2022-11-03 00:35:58,255 INFO Check over limit for ip limit rule, over limit ip count=0

2022-11-03 00:35:58,255 INFO Out dated connection ,size=0

2022-11-03 00:35:58,255 INFO Connection check task end

2022-11-03 00:36:01,256 INFO Connection check task start

2022-11-03 00:36:01,256 INFO Total count =0, sdkCount=0,clusterCount=0, currentLimit=-1, toExpelCount=0

2022-11-03 00:36:01,256 INFO Check over limit for ip limit rule, over limit ip count=0

2022-11-03 00:36:01,256 INFO Out dated connection ,size=0

2022-11-03 00:36:01,256 INFO Connection check task end

2022-11-03 00:36:04,258 INFO Connection check task start

2022-11-03 00:36:04,258 INFO Total count =0, sdkCount=0,clusterCount=0, currentLimit=-1, toExpelCount=0

2022-11-03 00:36:04,258 INFO Check over limit for ip limit rule, over limit ip count=0

2022-11-03 00:36:04,258 INFO Out dated connection ,size=0

2022-11-03 00:36:04,258 INFO Connection check task end

2022-11-03 00:36:07,259 INFO Connection check task start

2022-11-03 00:36:07,259 INFO Total count =0, sdkCount=0,clusterCount=0, currentLimit=-1, toExpelCount=0

2022-11-03 00:36:07,259 INFO Check over limit for ip limit rule, over limit ip count=0

2022-11-03 00:36:07,259 INFO Out dated connection ,size=0

2022-11-03 00:36:07,259 INFO Connection check task end

2022-11-03 00:36:10,261 INFO Connection check task start

2022-11-03 00:36:10,261 INFO Total count =0, sdkCount=0,clusterCount=0, currentLimit=-1, toExpelCount=0

2022-11-03 00:36:10,261 INFO Check over limit for ip limit rule, over limit ip count=0

2022-11-03 00:36:10,261 INFO Out dated connection ,size=0

2022-11-03 00:36:10,261 INFO Connection check task end

2022-11-03 00:36:13,262 INFO Connection check task start

2022-11-03 00:36:13,262 INFO Total count =0, sdkCount=0,clusterCount=0, currentLimit=-1, toExpelCount=0

2022-11-03 00:36:13,262 INFO Check over limit for ip limit rule, over limit ip count=0

2022-11-03 00:36:13,262 INFO Out dated connection ,size=0

2022-11-03 00:36:13,262 INFO Connection check task end

2022-11-03 00:36:16,263 INFO Connection check task start

2022-11-03 00:36:16,263 INFO Total count =0, sdkCount=0,clusterCount=0, currentLimit=-1, toExpelCount=0

2022-11-03 00:36:16,263 INFO Check over limit for ip limit rule, over limit ip count=0

2022-11-03 00:36:16,263 INFO Out dated connection ,size=0

2022-11-03 00:36:16,263 INFO Connection check task end

2022-11-03 00:36:19,264 INFO Connection check task start

2022-11-03 00:36:19,264 INFO Total count =0, sdkCount=0,clusterCount=0, currentLimit=-1, toExpelCount=0

2022-11-03 00:36:19,264 INFO Check over limit for ip limit rule, over limit ip count=0

2022-11-03 00:36:19,264 INFO Out dated connection ,size=0

2022-11-03 00:36:19,264 INFO Connection check task end

2022-11-03 00:36:22,266 INFO Connection check task start

2022-11-03 00:36:22,266 INFO Total count =0, sdkCount=0,clusterCount=0, currentLimit=-1, toExpelCount=0

2022-11-03 00:36:22,266 INFO Check over limit for ip limit rule, over limit ip count=0

2022-11-03 00:36:22,266 INFO Out dated connection ,size=0

2022-11-03 00:36:22,266 INFO Connection check task end

2022-11-03 00:36:25,268 INFO Connection check task start

2022-11-03 00:36:25,268 INFO Total count =0, sdkCount=0,clusterCount=0, currentLimit=-1, toExpelCount=0

2022-11-03 00:36:25,268 INFO Check over limit for ip limit rule, over limit ip count=0

2022-11-03 00:36:25,268 INFO Out dated connection ,size=0

2022-11-03 00:36:25,268 INFO Connection check task end

2022-11-03 00:36:28,270 INFO Connection check task start

2022-11-03 00:36:28,270 INFO Total count =0, sdkCount=0,clusterCount=0, currentLimit=-1, toExpelCount=0

2022-11-03 00:36:28,270 INFO Check over limit for ip limit rule, over limit ip count=0

2022-11-03 00:36:28,270 INFO Out dated connection ,size=0

2022-11-03 00:36:28,270 INFO Connection check task end

2022-11-03 00:36:31,271 INFO Connection check task start

2022-11-03 00:36:31,271 INFO Total count =0, sdkCount=0,clusterCount=0, currentLimit=-1, toExpelCount=0

2022-11-03 00:36:31,271 INFO Check over limit for ip limit rule, over limit ip count=0

2022-11-03 00:36:31,271 INFO Out dated connection ,size=0

2022-11-03 00:36:31,271 INFO Connection check task end

2022-11-03 00:36:34,271 INFO Connection check task start

2022-11-03 00:36:34,271 INFO Total count =0, sdkCount=0,clusterCount=0, currentLimit=-1, toExpelCount=0

2022-11-03 00:36:34,271 INFO Check over limit for ip limit rule, over limit ip count=0

2022-11-03 00:36:34,271 INFO Out dated connection ,size=0

2022-11-03 00:36:34,271 INFO Connection check task end

2022-11-03 00:36:37,273 INFO Connection check task start

2022-11-03 00:36:37,273 INFO Total count =0, sdkCount=0,clusterCount=0, currentLimit=-1, toExpelCount=0

2022-11-03 00:36:37,273 INFO Check over limit for ip limit rule, over limit ip count=0

2022-11-03 00:36:37,273 INFO Out dated connection ,size=0

2022-11-03 00:36:37,273 INFO Connection check task end

2022-11-03 00:36:40,274 INFO Connection check task start

2022-11-03 00:36:40,274 INFO Total count =0, sdkCount=0,clusterCount=0, currentLimit=-1, toExpelCount=0

2022-11-03 00:36:40,274 INFO Check over limit for ip limit rule, over limit ip count=0

2022-11-03 00:36:40,274 INFO Out dated connection ,size=0

2022-11-03 00:36:40,274 INFO Connection check task end

2022-11-03 00:36:43,276 INFO Connection check task start

2022-11-03 00:36:43,276 INFO Total count =0, sdkCount=0,clusterCount=0, currentLimit=-1, toExpelCount=0

2022-11-03 00:36:43,276 INFO Check over limit for ip limit rule, over limit ip count=0

2022-11-03 00:36:43,276 INFO Out dated connection ,size=0

2022-11-03 00:36:43,276 INFO Connection check task end

2022-11-03 00:36:46,277 INFO Connection check task start

2022-11-03 00:36:46,277 INFO Total count =0, sdkCount=0,clusterCount=0, currentLimit=-1, toExpelCount=0

2022-11-03 00:36:46,277 INFO Check over limit for ip limit rule, over limit ip count=0

2022-11-03 00:36:46,277 INFO Out dated connection ,size=0

2022-11-03 00:36:46,277 INFO Connection check task end

2022-11-03 00:36:49,278 INFO Connection check task start

2022-11-03 00:36:49,278 INFO Total count =0, sdkCount=0,clusterCount=0, currentLimit=-1, toExpelCount=0

2022-11-03 00:36:49,278 INFO Check over limit for ip limit rule, over limit ip count=0

2022-11-03 00:36:49,278 INFO Out dated connection ,size=0

2022-11-03 00:36:49,278 INFO Connection check task end

2022-11-03 00:36:52,278 INFO Connection check task start

2022-11-03 00:36:52,278 INFO Total count =0, sdkCount=0,clusterCount=0, currentLimit=-1, toExpelCount=0

2022-11-03 00:36:52,278 INFO Check over limit for ip limit rule, over limit ip count=0

2022-11-03 00:36:52,278 INFO Out dated connection ,size=0

2022-11-03 00:36:52,278 INFO Connection check task end

2022-11-03 00:36:55,279 INFO Connection check task start

2022-11-03 00:36:55,279 INFO Total count =0, sdkCount=0,clusterCount=0, currentLimit=-1, toExpelCount=0

2022-11-03 00:36:55,279 INFO Check over limit for ip limit rule, over limit ip count=0

2022-11-03 00:36:55,279 INFO Out dated connection ,size=0

2022-11-03 00:36:55,279 INFO Connection check task end

2022-11-03 00:36:58,280 INFO Connection check task start

2022-11-03 00:36:58,280 INFO Total count =0, sdkCount=0,clusterCount=0, currentLimit=-1, toExpelCount=0

2022-11-03 00:36:58,280 INFO Check over limit for ip limit rule, over limit ip count=0

2022-11-03 00:36:58,280 INFO Out dated connection ,size=0

2022-11-03 00:36:58,280 INFO Connection check task end

2022-11-03 00:37:01,281 INFO Connection check task start

2022-11-03 00:37:01,281 INFO Total count =0, sdkCount=0,clusterCount=0, currentLimit=-1, toExpelCount=0

2022-11-03 00:37:01,281 INFO Check over limit for ip limit rule, over limit ip count=0

2022-11-03 00:37:01,281 INFO Out dated connection ,size=0

2022-11-03 00:37:01,281 INFO Connection check task end

2022-11-03 00:37:04,282 INFO Connection check task start

2022-11-03 00:37:04,282 INFO Total count =0, sdkCount=0,clusterCount=0, currentLimit=-1, toExpelCount=0

2022-11-03 00:37:04,282 INFO Check over limit for ip limit rule, over limit ip count=0

2022-11-03 00:37:04,282 INFO Out dated connection ,size=0

2022-11-03 00:37:04,282 INFO Connection check task end

2022-11-03 00:37:07,284 INFO Connection check task start

2022-11-03 00:37:07,284 INFO Total count =0, sdkCount=0,clusterCount=0, currentLimit=-1, toExpelCount=0

2022-11-03 00:37:07,284 INFO Check over limit for ip limit rule, over limit ip count=0

2022-11-03 00:37:07,284 INFO Out dated connection ,size=0

2022-11-03 00:37:07,284 INFO Connection check task end

2022-11-03 00:37:10,285 INFO Connection check task start

2022-11-03 00:37:10,285 INFO Total count =0, sdkCount=0,clusterCount=0, currentLimit=-1, toExpelCount=0

2022-11-03 00:37:10,285 INFO Check over limit for ip limit rule, over limit ip count=0

2022-11-03 00:37:10,285 INFO Out dated connection ,size=0

2022-11-03 00:37:10,285 INFO Connection check task end

2022-11-03 00:37:13,286 INFO Connection check task start

2022-11-03 00:37:13,286 INFO Total count =0, sdkCount=0,clusterCount=0, currentLimit=-1, toExpelCount=0

2022-11-03 00:37:13,286 INFO Check over limit for ip limit rule, over limit ip count=0

2022-11-03 00:37:13,286 INFO Out dated connection ,size=0

2022-11-03 00:37:13,286 INFO Connection check task end

2022-11-03 00:37:16,286 INFO Connection check task start

2022-11-03 00:37:16,286 INFO Total count =0, sdkCount=0,clusterCount=0, currentLimit=-1, toExpelCount=0

2022-11-03 00:37:16,286 INFO Check over limit for ip limit rule, over limit ip count=0

2022-11-03 00:37:16,286 INFO Out dated connection ,size=0

2022-11-03 00:37:16,286 INFO Connection check task end

2022-11-03 00:37:19,287 INFO Connection check task start

2022-11-03 00:37:19,287 INFO Total count =0, sdkCount=0,clusterCount=0, currentLimit=-1, toExpelCount=0

2022-11-03 00:37:19,287 INFO Check over limit for ip limit rule, over limit ip count=0

2022-11-03 00:37:19,287 INFO Out dated connection ,size=0

2022-11-03 00:37:19,287 INFO Connection check task end

2022-11-03 00:37:22,289 INFO Connection check task start

2022-11-03 00:37:22,289 INFO Total count =0, sdkCount=0,clusterCount=0, currentLimit=-1, toExpelCount=0

2022-11-03 00:37:22,289 INFO Check over limit for ip limit rule, over limit ip count=0

2022-11-03 00:37:22,289 INFO Out dated connection ,size=0

2022-11-03 00:37:22,289 INFO Connection check task end

2022-11-03 00:37:25,289 INFO Connection check task start

2022-11-03 00:37:25,289 INFO Total count =0, sdkCount=0,clusterCount=0, currentLimit=-1, toExpelCount=0

2022-11-03 00:37:25,289 INFO Check over limit for ip limit rule, over limit ip count=0

2022-11-03 00:37:25,289 INFO Out dated connection ,size=0

2022-11-03 00:37:25,289 INFO Connection check task end

2022-11-03 00:37:28,290 INFO Connection check task start

2022-11-03 00:37:28,290 INFO Total count =0, sdkCount=0,clusterCount=0, currentLimit=-1, toExpelCount=0

2022-11-03 00:37:28,290 INFO Check over limit for ip limit rule, over limit ip count=0

2022-11-03 00:37:28,290 INFO Out dated connection ,size=0

2022-11-03 00:37:28,290 INFO Connection check task end

2022-11-03 00:37:31,291 INFO Connection check task start

2022-11-03 00:37:31,291 INFO Total count =0, sdkCount=0,clusterCount=0, currentLimit=-1, toExpelCount=0

2022-11-03 00:37:31,291 INFO Check over limit for ip limit rule, over limit ip count=0

2022-11-03 00:37:31,291 INFO Out dated connection ,size=0

2022-11-03 00:37:31,291 INFO Connection check task end

2022-11-03 00:37:34,292 INFO Connection check task start

2022-11-03 00:37:34,292 INFO Total count =0, sdkCount=0,clusterCount=0, currentLimit=-1, toExpelCount=0

2022-11-03 00:37:34,292 INFO Check over limit for ip limit rule, over limit ip count=0

2022-11-03 00:37:34,292 INFO Out dated connection ,size=0

2022-11-03 00:37:34,292 INFO Connection check task end

2022-11-03 00:37:37,294 INFO Connection check task start

2022-11-03 00:37:37,294 INFO Total count =0, sdkCount=0,clusterCount=0, currentLimit=-1, toExpelCount=0

2022-11-03 00:37:37,294 INFO Check over limit for ip limit rule, over limit ip count=0

2022-11-03 00:37:37,294 INFO Out dated connection ,size=0

2022-11-03 00:37:37,294 INFO Connection check task end

2022-11-03 00:37:40,296 INFO Connection check task start

2022-11-03 00:37:40,296 INFO Total count =0, sdkCount=0,clusterCount=0, currentLimit=-1, toExpelCount=0

2022-11-03 00:37:40,296 INFO Check over limit for ip limit rule, over limit ip count=0

2022-11-03 00:37:40,296 INFO Out dated connection ,size=0

2022-11-03 00:37:40,296 INFO Connection check task end

2022-11-03 00:37:43,297 INFO Connection check task start

2022-11-03 00:37:43,297 INFO Total count =0, sdkCount=0,clusterCount=0, currentLimit=-1, toExpelCount=0

2022-11-03 00:37:43,297 INFO Check over limit for ip limit rule, over limit ip count=0

2022-11-03 00:37:43,297 INFO Out dated connection ,size=0

2022-11-03 00:37:43,297 INFO Connection check task end

2022-11-03 00:37:46,299 INFO Connection check task start

2022-11-03 00:37:46,299 INFO Total count =0, sdkCount=0,clusterCount=0, currentLimit=-1, toExpelCount=0

2022-11-03 00:37:46,299 INFO Check over limit for ip limit rule, over limit ip count=0

2022-11-03 00:37:46,299 INFO Out dated connection ,size=0

2022-11-03 00:37:46,299 INFO Connection check task end

2022-11-03 00:37:49,300 INFO Connection check task start

2022-11-03 00:37:49,300 INFO Total count =0, sdkCount=0,clusterCount=0, currentLimit=-1, toExpelCount=0

2022-11-03 00:37:49,300 INFO Check over limit for ip limit rule, over limit ip count=0

2022-11-03 00:37:49,300 INFO Out dated connection ,size=0

2022-11-03 00:37:49,300 INFO Connection check task end

2022-11-03 00:37:52,302 INFO Connection check task start

2022-11-03 00:37:52,302 INFO Total count =0, sdkCount=0,clusterCount=0, currentLimit=-1, toExpelCount=0

2022-11-03 00:37:52,302 INFO Check over limit for ip limit rule, over limit ip count=0

2022-11-03 00:37:52,302 INFO Out dated connection ,size=0

2022-11-03 00:37:52,302 INFO Connection check task end

2022-11-03 00:37:55,302 INFO Connection check task start

2022-11-03 00:37:55,302 INFO Total count =0, sdkCount=0,clusterCount=0, currentLimit=-1, toExpelCount=0

2022-11-03 00:37:55,302 INFO Check over limit for ip limit rule, over limit ip count=0

2022-11-03 00:37:55,302 INFO Out dated connection ,size=0

2022-11-03 00:37:55,302 INFO Connection check task end

2022-11-03 00:37:58,305 INFO Connection check task start

2022-11-03 00:37:58,305 INFO Total count =0, sdkCount=0,clusterCount=0, currentLimit=-1, toExpelCount=0

2022-11-03 00:37:58,305 INFO Check over limit for ip limit rule, over limit ip count=0

2022-11-03 00:37:58,305 INFO Out dated connection ,size=0

2022-11-03 00:37:58,305 INFO Connection check task end

2022-11-03 00:38:01,306 INFO Connection check task start

2022-11-03 00:38:01,306 INFO Total count =0, sdkCount=0,clusterCount=0, currentLimit=-1, toExpelCount=0

2022-11-03 00:38:01,306 INFO Check over limit for ip limit rule, over limit ip count=0

2022-11-03 00:38:01,306 INFO Out dated connection ,size=0

2022-11-03 00:38:01,306 INFO Connection check task end

2022-11-03 00:38:25,572 INFO Connection check task start

2022-11-03 00:38:25,576 INFO Total count =0, sdkCount=0,clusterCount=0, currentLimit=-1, toExpelCount=0

2022-11-03 00:38:25,576 INFO Check over limit for ip limit rule, over limit ip count=0

2022-11-03 00:38:25,576 INFO Out dated connection ,size=0

2022-11-03 00:38:25,576 INFO Connection check task end

2022-11-03 00:38:28,577 INFO Connection check task start

2022-11-03 00:38:28,577 INFO Total count =0, sdkCount=0,clusterCount=0, currentLimit=-1, toExpelCount=0

2022-11-03 00:38:28,577 INFO Check over limit for ip limit rule, over limit ip count=0

2022-11-03 00:38:28,577 INFO Out dated connection ,size=0

2022-11-03 00:38:28,577 INFO Connection check task end

2022-11-03 00:38:31,577 INFO Connection check task start

2022-11-03 00:38:31,577 INFO Total count =0, sdkCount=0,clusterCount=0, currentLimit=-1, toExpelCount=0

2022-11-03 00:38:31,577 INFO Check over limit for ip limit rule, over limit ip count=0

2022-11-03 00:38:31,577 INFO Out dated connection ,size=0

2022-11-03 00:38:31,577 INFO Connection check task end

2022-11-03 00:38:34,578 INFO Connection check task start

2022-11-03 00:38:34,578 INFO Total count =0, sdkCount=0,clusterCount=0, currentLimit=-1, toExpelCount=0

2022-11-03 00:38:34,578 INFO Check over limit for ip limit rule, over limit ip count=0

2022-11-03 00:38:34,578 INFO Out dated connection ,size=0

2022-11-03 00:38:34,578 INFO Connection check task end

2022-11-03 00:38:37,579 INFO Connection check task start

2022-11-03 00:38:37,579 INFO Total count =0, sdkCount=0,clusterCount=0, currentLimit=-1, toExpelCount=0

2022-11-03 00:38:37,579 INFO Check over limit for ip limit rule, over limit ip count=0

2022-11-03 00:38:37,579 INFO Out dated connection ,size=0

2022-11-03 00:38:37,579 INFO Connection check task end

2022-11-03 00:38:40,581 INFO Connection check task start

2022-11-03 00:38:40,581 INFO Total count =0, sdkCount=0,clusterCount=0, currentLimit=-1, toExpelCount=0

2022-11-03 00:38:40,581 INFO Check over limit for ip limit rule, over limit ip count=0

2022-11-03 00:38:40,581 INFO Out dated connection ,size=0

2022-11-03 00:38:40,581 INFO Connection check task end

2022-11-03 00:38:43,582 INFO Connection check task start

2022-11-03 00:38:43,582 INFO Total count =0, sdkCount=0,clusterCount=0, currentLimit=-1, toExpelCount=0

2022-11-03 00:38:43,582 INFO Check over limit for ip limit rule, over limit ip count=0

2022-11-03 00:38:43,582 INFO Out dated connection ,size=0

2022-11-03 00:38:43,582 INFO Connection check task end

2022-11-03 00:38:46,584 INFO Connection check task start

2022-11-03 00:38:46,584 INFO Total count =0, sdkCount=0,clusterCount=0, currentLimit=-1, toExpelCount=0

2022-11-03 00:38:46,584 INFO Check over limit for ip limit rule, over limit ip count=0

2022-11-03 00:38:46,584 INFO Out dated connection ,size=0

2022-11-03 00:38:46,584 INFO Connection check task end

2022-11-03 00:38:49,584 INFO Connection check task start

2022-11-03 00:38:49,584 INFO Total count =0, sdkCount=0,clusterCount=0, currentLimit=-1, toExpelCount=0

2022-11-03 00:38:49,584 INFO Check over limit for ip limit rule, over limit ip count=0

2022-11-03 00:38:49,584 INFO Out dated connection ,size=0

2022-11-03 00:38:49,584 INFO Connection check task end

2022-11-03 00:38:52,585 INFO Connection check task start

2022-11-03 00:38:52,585 INFO Total count =0, sdkCount=0,clusterCount=0, currentLimit=-1, toExpelCount=0

2022-11-03 00:38:52,585 INFO Check over limit for ip limit rule, over limit ip count=0

2022-11-03 00:38:52,585 INFO Out dated connection ,size=0

2022-11-03 00:38:52,585 INFO Connection check task end

2022-11-03 00:38:55,587 INFO Connection check task start

2022-11-03 00:38:55,587 INFO Total count =0, sdkCount=0,clusterCount=0, currentLimit=-1, toExpelCount=0

2022-11-03 00:38:55,587 INFO Check over limit for ip limit rule, over limit ip count=0

2022-11-03 00:38:55,587 INFO Out dated connection ,size=0

2022-11-03 00:38:55,587 INFO Connection check task end

2022-11-03 00:38:58,589 INFO Connection check task start

2022-11-03 00:38:58,589 INFO Total count =0, sdkCount=0,clusterCount=0, currentLimit=-1, toExpelCount=0

2022-11-03 00:38:58,589 INFO Check over limit for ip limit rule, over limit ip count=0

2022-11-03 00:38:58,589 INFO Out dated connection ,size=0

2022-11-03 00:38:58,589 INFO Connection check task end

2022-11-03 00:39:01,590 INFO Connection check task start

2022-11-03 00:39:01,590 INFO Total count =0, sdkCount=0,clusterCount=0, currentLimit=-1, toExpelCount=0

2022-11-03 00:39:01,590 INFO Check over limit for ip limit rule, over limit ip count=0

2022-11-03 00:39:01,590 INFO Out dated connection ,size=0

2022-11-03 00:39:01,590 INFO Connection check task end

2022-11-03 00:39:04,591 INFO Connection check task start

2022-11-03 00:39:04,591 INFO Total count =0, sdkCount=0,clusterCount=0, currentLimit=-1, toExpelCount=0

2022-11-03 00:39:04,591 INFO Check over limit for ip limit rule, over limit ip count=0

2022-11-03 00:39:04,591 INFO Out dated connection ,size=0

2022-11-03 00:39:04,591 INFO Connection check task end

2022-11-03 00:39:07,592 INFO Connection check task start

2022-11-03 00:39:07,592 INFO Total count =0, sdkCount=0,clusterCount=0, currentLimit=-1, toExpelCount=0

2022-11-03 00:39:07,592 INFO Check over limit for ip limit rule, over limit ip count=0

2022-11-03 00:39:07,592 INFO Out dated connection ,size=0

2022-11-03 00:39:07,592 INFO Connection check task end

2022-11-03 00:39:10,594 INFO Connection check task start

2022-11-03 00:39:10,594 INFO Total count =0, sdkCount=0,clusterCount=0, currentLimit=-1, toExpelCount=0

2022-11-03 00:39:10,594 INFO Check over limit for ip limit rule, over limit ip count=0

2022-11-03 00:39:10,594 INFO Out dated connection ,size=0

2022-11-03 00:39:10,594 INFO Connection check task end

2022-11-03 00:39:13,594 INFO Connection check task start

2022-11-03 00:39:13,594 INFO Total count =0, sdkCount=0,clusterCount=0, currentLimit=-1, toExpelCount=0

2022-11-03 00:39:13,594 INFO Check over limit for ip limit rule, over limit ip count=0

2022-11-03 00:39:13,594 INFO Out dated connection ,size=0

2022-11-03 00:39:13,594 INFO Connection check task end

2022-11-03 00:39:16,595 INFO Connection check task start

2022-11-03 00:39:16,595 INFO Total count =0, sdkCount=0,clusterCount=0, currentLimit=-1, toExpelCount=0

2022-11-03 00:39:16,595 INFO Check over limit for ip limit rule, over limit ip count=0

2022-11-03 00:39:16,595 INFO Out dated connection ,size=0

2022-11-03 00:39:16,595 INFO Connection check task end

2022-11-03 00:39:19,596 INFO Connection check task start

2022-11-03 00:39:19,596 INFO Total count =0, sdkCount=0,clusterCount=0, currentLimit=-1, toExpelCount=0

2022-11-03 00:39:19,596 INFO Check over limit for ip limit rule, over limit ip count=0

2022-11-03 00:39:19,596 INFO Out dated connection ,size=0

2022-11-03 00:39:19,596 INFO Connection check task end

2022-11-03 00:39:22,598 INFO Connection check task start

2022-11-03 00:39:22,598 INFO Total count =0, sdkCount=0,clusterCount=0, currentLimit=-1, toExpelCount=0

2022-11-03 00:39:22,598 INFO Check over limit for ip limit rule, over limit ip count=0

2022-11-03 00:39:22,598 INFO Out dated connection ,size=0

2022-11-03 00:39:22,598 INFO Connection check task end

2022-11-03 00:39:25,600 INFO Connection check task start

2022-11-03 00:39:25,600 INFO Total count =0, sdkCount=0,clusterCount=0, currentLimit=-1, toExpelCount=0

2022-11-03 00:39:25,600 INFO Check over limit for ip limit rule, over limit ip count=0

2022-11-03 00:39:25,600 INFO Out dated connection ,size=0

2022-11-03 00:39:25,600 INFO Connection check task end

2022-11-03 00:39:28,602 INFO Connection check task start

2022-11-03 00:39:28,602 INFO Total count =0, sdkCount=0,clusterCount=0, currentLimit=-1, toExpelCount=0

2022-11-03 00:39:28,602 INFO Check over limit for ip limit rule, over limit ip count=0

2022-11-03 00:39:28,602 INFO Out dated connection ,size=0

2022-11-03 00:39:28,602 INFO Connection check task end

2022-11-03 00:39:31,604 INFO Connection check task start

2022-11-03 00:39:31,604 INFO Total count =0, sdkCount=0,clusterCount=0, currentLimit=-1, toExpelCount=0

2022-11-03 00:39:31,604 INFO Check over limit for ip limit rule, over limit ip count=0

2022-11-03 00:39:31,604 INFO Out dated connection ,size=0

2022-11-03 00:39:31,604 INFO Connection check task end

2022-11-03 00:39:34,605 INFO Connection check task start

2022-11-03 00:39:34,605 INFO Total count =0, sdkCount=0,clusterCount=0, currentLimit=-1, toExpelCount=0

2022-11-03 00:39:34,605 INFO Check over limit for ip limit rule, over limit ip count=0

2022-11-03 00:39:34,605 INFO Out dated connection ,size=0

2022-11-03 00:39:34,605 INFO Connection check task end

2022-11-03 00:39:37,606 INFO Connection check task start

2022-11-03 00:39:37,606 INFO Total count =0, sdkCount=0,clusterCount=0, currentLimit=-1, toExpelCount=0

2022-11-03 00:39:37,606 INFO Check over limit for ip limit rule, over limit ip count=0

2022-11-03 00:39:37,606 INFO Out dated connection ,size=0

2022-11-03 00:39:37,606 INFO Connection check task end

2022-11-03 00:39:40,608 INFO Connection check task start

2022-11-03 00:39:40,608 INFO Total count =0, sdkCount=0,clusterCount=0, currentLimit=-1, toExpelCount=0

2022-11-03 00:39:40,608 INFO Check over limit for ip limit rule, over limit ip count=0

2022-11-03 00:39:40,608 INFO Out dated connection ,size=0

2022-11-03 00:39:40,608 INFO Connection check task end

2022-11-03 00:39:43,610 INFO Connection check task start

2022-11-03 00:39:43,610 INFO Total count =0, sdkCount=0,clusterCount=0, currentLimit=-1, toExpelCount=0

2022-11-03 00:39:43,610 INFO Check over limit for ip limit rule, over limit ip count=0

2022-11-03 00:39:43,610 INFO Out dated connection ,size=0

2022-11-03 00:39:43,610 INFO Connection check task end

2022-11-03 00:39:46,611 INFO Connection check task start

2022-11-03 00:39:46,611 INFO Total count =0, sdkCount=0,clusterCount=0, currentLimit=-1, toExpelCount=0

2022-11-03 00:39:46,611 INFO Check over limit for ip limit rule, over limit ip count=0

2022-11-03 00:39:46,611 INFO Out dated connection ,size=0

2022-11-03 00:39:46,611 INFO Connection check task end

2022-11-03 00:39:49,612 INFO Connection check task start

2022-11-03 00:39:49,612 INFO Total count =0, sdkCount=0,clusterCount=0, currentLimit=-1, toExpelCount=0

2022-11-03 00:39:49,612 INFO Check over limit for ip limit rule, over limit ip count=0

2022-11-03 00:39:49,612 INFO Out dated connection ,size=0

2022-11-03 00:39:49,612 INFO Connection check task end

2022-11-03 00:39:52,613 INFO Connection check task start

2022-11-03 00:39:52,613 INFO Total count =0, sdkCount=0,clusterCount=0, currentLimit=-1, toExpelCount=0

2022-11-03 00:39:52,613 INFO Check over limit for ip limit rule, over limit ip count=0

2022-11-03 00:39:52,613 INFO Out dated connection ,size=0

2022-11-03 00:39:52,613 INFO Connection check task end

2022-11-03 00:39:55,614 INFO Connection check task start

2022-11-03 00:39:55,614 INFO Total count =0, sdkCount=0,clusterCount=0, currentLimit=-1, toExpelCount=0

2022-11-03 00:39:55,614 INFO Check over limit for ip limit rule, over limit ip count=0

2022-11-03 00:39:55,614 INFO Out dated connection ,size=0

2022-11-03 00:39:55,614 INFO Connection check task end

2022-11-03 00:39:58,616 INFO Connection check task start

2022-11-03 00:39:58,616 INFO Total count =0, sdkCount=0,clusterCount=0, currentLimit=-1, toExpelCount=0

2022-11-03 00:39:58,616 INFO Check over limit for ip limit rule, over limit ip count=0

2022-11-03 00:39:58,616 INFO Out dated connection ,size=0

2022-11-03 00:39:58,616 INFO Connection check task end

2022-11-03 00:40:01,617 INFO Connection check task start

2022-11-03 00:40:01,617 INFO Total count =0, sdkCount=0,clusterCount=0, currentLimit=-1, toExpelCount=0

2022-11-03 00:40:01,617 INFO Check over limit for ip limit rule, over limit ip count=0

2022-11-03 00:40:01,617 INFO Out dated connection ,size=0

2022-11-03 00:40:01,617 INFO Connection check task end

