2022-11-03 00:32:42,049 INFO [ClientConnectionEventListenerRegistry] registry listener - ConnectionBasedClientManager

2022-11-03 00:32:42,164 INFO Init loader limit rule from local,rule=

2022-11-03 00:32:42,204 INFO [ClientConnectionEventListenerRegistry] registry listener - ConfigConnectionEventListener

2022-11-03 00:32:42,219 INFO [ClientConnectionEventListenerRegistry] registry listener - RpcAckCallbackInitorOrCleaner

2022-11-03 00:32:42,309 INFO Nacos GrpcSdkServer Rpc server starting at port 9848

2022-11-03 00:32:42,629 INFO Nacos GrpcSdkServer Rpc server started at port 9848

2022-11-03 00:32:42,630 INFO Nacos GrpcClusterServer Rpc server starting at port 9849

2022-11-03 00:32:42,631 INFO Nacos GrpcClusterServer Rpc server started at port 9849

2022-11-03 00:38:02,382 INFO Nacos GrpcSdkServer Rpc server stopping

2022-11-03 00:38:02,383 INFO Nacos GrpcSdkServer Rpc server stopped successfully...

2022-11-03 00:38:02,384 INFO Nacos GrpcClusterServer Rpc server stopping

2022-11-03 00:38:02,388 INFO Nacos GrpcClusterServer Rpc server stopped successfully...

2022-11-03 00:38:24,464 INFO [ClientConnectionEventListenerRegistry] registry listener - ConnectionBasedClientManager

2022-11-03 00:38:24,570 INFO Init loader limit rule from local,rule=

2022-11-03 00:38:24,612 INFO [ClientConnectionEventListenerRegistry] registry listener - ConfigConnectionEventListener

2022-11-03 00:38:24,625 INFO [ClientConnectionEventListenerRegistry] registry listener - RpcAckCallbackInitorOrCleaner

2022-11-03 00:38:24,717 INFO Nacos GrpcSdkServer Rpc server starting at port 9848

2022-11-03 00:38:25,052 INFO Nacos GrpcSdkServer Rpc server started at port 9848

2022-11-03 00:38:25,053 INFO Nacos GrpcClusterServer Rpc server starting at port 9849

2022-11-03 00:38:25,053 INFO Nacos GrpcClusterServer Rpc server started at port 9849

2022-11-03 00:40:04,182 INFO Nacos GrpcSdkServer Rpc server stopping

2022-11-03 00:40:04,182 INFO Nacos GrpcClusterServer Rpc server stopping

2022-11-03 00:40:04,183 INFO Nacos GrpcSdkServer Rpc server stopped successfully...

2022-11-03 00:40:04,183 INFO Nacos GrpcClusterServer Rpc server stopped successfully...

