2022-11-03 00:32:42,200 INFO Register tps control,pointName=CONFIG_PUSH_COUNT, point=com.alibaba.nacos.core.remote.control.TpsMonitorPoint@2b76ff4e 

2022-11-03 00:32:42,201 INFO Load rule from local,pointName=CONFIG_PUSH_COUNT, ruleContent= 

2022-11-03 00:32:42,201 INFO Apply tps control rule parse start,pointName=[CONFIG_PUSH_COUNT]  

2022-11-03 00:32:42,201 INFO Clear point  control rule ,pointName=[CONFIG_PUSH_COUNT]  

2022-11-03 00:32:42,201 INFO Clear point  control rule for monitorKeys, pointName=[CONFIG_PUSH_COUNT]  

2022-11-03 00:32:42,201 INFO Register tps control,pointName=CONFIG_PUSH_SUCCESS, point=com.alibaba.nacos.core.remote.control.TpsMonitorPoint@7a1234bf 

2022-11-03 00:32:42,202 INFO Load rule from local,pointName=CONFIG_PUSH_SUCCESS, ruleContent= 

2022-11-03 00:32:42,202 INFO Apply tps control rule parse start,pointName=[CONFIG_PUSH_SUCCESS]  

2022-11-03 00:32:42,202 INFO Clear point  control rule ,pointName=[CONFIG_PUSH_SUCCESS]  

2022-11-03 00:32:42,202 INFO Clear point  control rule for monitorKeys, pointName=[CONFIG_PUSH_SUCCESS]  

2022-11-03 00:32:42,202 INFO Register tps control,pointName=CONFIG_PUSH_FAIL, point=com.alibaba.nacos.core.remote.control.TpsMonitorPoint@2f62ea70 

2022-11-03 00:32:42,202 INFO Load rule from local,pointName=CONFIG_PUSH_FAIL, ruleContent= 

2022-11-03 00:32:42,202 INFO Apply tps control rule parse start,pointName=[CONFIG_PUSH_FAIL]  

2022-11-03 00:32:42,202 INFO Clear point  control rule ,pointName=[CONFIG_PUSH_FAIL]  

2022-11-03 00:32:42,202 INFO Clear point  control rule for monitorKeys, pointName=[CONFIG_PUSH_FAIL]  

2022-11-03 00:32:42,203 INFO Load rule from local,pointName=CONFIG_PUSH_COUNT, ruleContent= 

2022-11-03 00:32:42,203 INFO Apply tps control rule parse start,pointName=[CONFIG_PUSH_COUNT]  

2022-11-03 00:32:42,203 INFO Clear point  control rule ,pointName=[CONFIG_PUSH_COUNT]  

2022-11-03 00:32:42,203 INFO Clear point  control rule for monitorKeys, pointName=[CONFIG_PUSH_COUNT]  

2022-11-03 00:32:42,203 INFO Load rule from local,pointName=CONFIG_PUSH_SUCCESS, ruleContent= 

2022-11-03 00:32:42,203 INFO Apply tps control rule parse start,pointName=[CONFIG_PUSH_SUCCESS]  

2022-11-03 00:32:42,203 INFO Clear point  control rule ,pointName=[CONFIG_PUSH_SUCCESS]  

2022-11-03 00:32:42,203 INFO Clear point  control rule for monitorKeys, pointName=[CONFIG_PUSH_SUCCESS]  

2022-11-03 00:32:42,204 INFO Load rule from local,pointName=CONFIG_PUSH_FAIL, ruleContent= 

2022-11-03 00:32:42,204 INFO Apply tps control rule parse start,pointName=[CONFIG_PUSH_FAIL]  

2022-11-03 00:32:42,204 INFO Clear point  control rule ,pointName=[CONFIG_PUSH_FAIL]  

2022-11-03 00:32:42,204 INFO Clear point  control rule for monitorKeys, pointName=[CONFIG_PUSH_FAIL]  

2022-11-03 00:32:43,640 INFO Register tps control,pointName=ConfigQuery, point=com.alibaba.nacos.core.remote.control.TpsMonitorPoint@314b8f2d 

2022-11-03 00:32:43,641 INFO Load rule from local,pointName=ConfigQuery, ruleContent= 

2022-11-03 00:32:43,641 INFO Apply tps control rule parse start,pointName=[ConfigQuery]  

2022-11-03 00:32:43,641 INFO Clear point  control rule ,pointName=[ConfigQuery]  

2022-11-03 00:32:43,641 INFO Clear point  control rule for monitorKeys, pointName=[ConfigQuery]  

2022-11-03 00:32:43,641 INFO Register tps control,pointName=ClusterConfigChangeNotify, point=com.alibaba.nacos.core.remote.control.TpsMonitorPoint@664a9613 

2022-11-03 00:32:43,641 INFO Load rule from local,pointName=ClusterConfigChangeNotify, ruleContent= 

2022-11-03 00:32:43,641 INFO Apply tps control rule parse start,pointName=[ClusterConfigChangeNotify]  

2022-11-03 00:32:43,641 INFO Clear point  control rule ,pointName=[ClusterConfigChangeNotify]  

2022-11-03 00:32:43,641 INFO Clear point  control rule for monitorKeys, pointName=[ClusterConfigChangeNotify]  

2022-11-03 00:32:43,641 INFO Register tps control,pointName=ConfigListen, point=com.alibaba.nacos.core.remote.control.TpsMonitorPoint@5118388b 

2022-11-03 00:32:43,642 INFO Load rule from local,pointName=ConfigListen, ruleContent= 

2022-11-03 00:32:43,642 INFO Apply tps control rule parse start,pointName=[ConfigListen]  

2022-11-03 00:32:43,642 INFO Clear point  control rule ,pointName=[ConfigListen]  

2022-11-03 00:32:43,642 INFO Clear point  control rule for monitorKeys, pointName=[ConfigListen]  

2022-11-03 00:32:43,642 INFO Register tps control,pointName=ConfigRemove, point=com.alibaba.nacos.core.remote.control.TpsMonitorPoint@7876d598 

2022-11-03 00:32:43,642 INFO Load rule from local,pointName=ConfigRemove, ruleContent= 

2022-11-03 00:32:43,642 INFO Apply tps control rule parse start,pointName=[ConfigRemove]  

2022-11-03 00:32:43,642 INFO Clear point  control rule ,pointName=[ConfigRemove]  

2022-11-03 00:32:43,642 INFO Clear point  control rule for monitorKeys, pointName=[ConfigRemove]  

2022-11-03 00:32:43,642 INFO Register tps control,pointName=ConfigPublish, point=com.alibaba.nacos.core.remote.control.TpsMonitorPoint@4a3e3e8b 

2022-11-03 00:32:43,642 INFO Load rule from local,pointName=ConfigPublish, ruleContent= 

2022-11-03 00:32:43,642 INFO Apply tps control rule parse start,pointName=[ConfigPublish]  

2022-11-03 00:32:43,642 INFO Clear point  control rule ,pointName=[ConfigPublish]  

2022-11-03 00:32:43,642 INFO Clear point  control rule for monitorKeys, pointName=[ConfigPublish]  

2022-11-03 00:32:43,643 INFO Register tps control,pointName=HealthCheck, point=com.alibaba.nacos.core.remote.control.TpsMonitorPoint@5af28b27 

2022-11-03 00:32:43,643 INFO Load rule from local,pointName=HealthCheck, ruleContent= 

2022-11-03 00:32:43,643 INFO Apply tps control rule parse start,pointName=[HealthCheck]  

2022-11-03 00:32:43,643 INFO Clear point  control rule ,pointName=[HealthCheck]  

2022-11-03 00:32:43,643 INFO Clear point  control rule for monitorKeys, pointName=[HealthCheck]  

2022-11-03 00:38:24,610 INFO Register tps control,pointName=CONFIG_PUSH_COUNT, point=com.alibaba.nacos.core.remote.control.TpsMonitorPoint@10a9d961 

2022-11-03 00:38:24,611 INFO Load rule from local,pointName=CONFIG_PUSH_COUNT, ruleContent= 

2022-11-03 00:38:24,611 INFO Apply tps control rule parse start,pointName=[CONFIG_PUSH_COUNT]  

2022-11-03 00:38:24,611 INFO Clear point  control rule ,pointName=[CONFIG_PUSH_COUNT]  

2022-11-03 00:38:24,611 INFO Clear point  control rule for monitorKeys, pointName=[CONFIG_PUSH_COUNT]  

2022-11-03 00:38:24,611 INFO Register tps control,pointName=CONFIG_PUSH_SUCCESS, point=com.alibaba.nacos.core.remote.control.TpsMonitorPoint@130e116b 

2022-11-03 00:38:24,611 INFO Load rule from local,pointName=CONFIG_PUSH_SUCCESS, ruleContent= 

2022-11-03 00:38:24,611 INFO Apply tps control rule parse start,pointName=[CONFIG_PUSH_SUCCESS]  

2022-11-03 00:38:24,611 INFO Clear point  control rule ,pointName=[CONFIG_PUSH_SUCCESS]  

2022-11-03 00:38:24,611 INFO Clear point  control rule for monitorKeys, pointName=[CONFIG_PUSH_SUCCESS]  

2022-11-03 00:38:24,611 INFO Register tps control,pointName=CONFIG_PUSH_FAIL, point=com.alibaba.nacos.core.remote.control.TpsMonitorPoint@e383572 

2022-11-03 00:38:24,611 INFO Load rule from local,pointName=CONFIG_PUSH_FAIL, ruleContent= 

2022-11-03 00:38:24,611 INFO Apply tps control rule parse start,pointName=[CONFIG_PUSH_FAIL]  

2022-11-03 00:38:24,611 INFO Clear point  control rule ,pointName=[CONFIG_PUSH_FAIL]  

2022-11-03 00:38:24,611 INFO Clear point  control rule for monitorKeys, pointName=[CONFIG_PUSH_FAIL]  

2022-11-03 00:38:26,033 INFO Register tps control,pointName=ConfigQuery, point=com.alibaba.nacos.core.remote.control.TpsMonitorPoint@6d1d4d7 

2022-11-03 00:38:26,033 INFO Load rule from local,pointName=ConfigQuery, ruleContent= 

2022-11-03 00:38:26,033 INFO Apply tps control rule parse start,pointName=[ConfigQuery]  

2022-11-03 00:38:26,033 INFO Clear point  control rule ,pointName=[ConfigQuery]  

2022-11-03 00:38:26,033 INFO Clear point  control rule for monitorKeys, pointName=[ConfigQuery]  

2022-11-03 00:38:26,033 INFO Register tps control,pointName=ClusterConfigChangeNotify, point=com.alibaba.nacos.core.remote.control.TpsMonitorPoint@89ff02e 

2022-11-03 00:38:26,033 INFO Load rule from local,pointName=ClusterConfigChangeNotify, ruleContent= 

2022-11-03 00:38:26,033 INFO Apply tps control rule parse start,pointName=[ClusterConfigChangeNotify]  

2022-11-03 00:38:26,033 INFO Clear point  control rule ,pointName=[ClusterConfigChangeNotify]  

2022-11-03 00:38:26,033 INFO Clear point  control rule for monitorKeys, pointName=[ClusterConfigChangeNotify]  

2022-11-03 00:38:26,033 INFO Register tps control,pointName=ConfigListen, point=com.alibaba.nacos.core.remote.control.TpsMonitorPoint@6865c751 

2022-11-03 00:38:26,033 INFO Load rule from local,pointName=ConfigListen, ruleContent= 

2022-11-03 00:38:26,033 INFO Apply tps control rule parse start,pointName=[ConfigListen]  

2022-11-03 00:38:26,033 INFO Clear point  control rule ,pointName=[ConfigListen]  

2022-11-03 00:38:26,033 INFO Clear point  control rule for monitorKeys, pointName=[ConfigListen]  

2022-11-03 00:38:26,034 INFO Register tps control,pointName=ConfigRemove, point=com.alibaba.nacos.core.remote.control.TpsMonitorPoint@6a988392 

2022-11-03 00:38:26,034 INFO Load rule from local,pointName=ConfigRemove, ruleContent= 

2022-11-03 00:38:26,034 INFO Apply tps control rule parse start,pointName=[ConfigRemove]  

2022-11-03 00:38:26,034 INFO Clear point  control rule ,pointName=[ConfigRemove]  

2022-11-03 00:38:26,034 INFO Clear point  control rule for monitorKeys, pointName=[ConfigRemove]  

2022-11-03 00:38:26,034 INFO Register tps control,pointName=ConfigPublish, point=com.alibaba.nacos.core.remote.control.TpsMonitorPoint@1d71006f 

2022-11-03 00:38:26,034 INFO Load rule from local,pointName=ConfigPublish, ruleContent= 

2022-11-03 00:38:26,034 INFO Apply tps control rule parse start,pointName=[ConfigPublish]  

2022-11-03 00:38:26,034 INFO Clear point  control rule ,pointName=[ConfigPublish]  

2022-11-03 00:38:26,034 INFO Clear point  control rule for monitorKeys, pointName=[ConfigPublish]  

2022-11-03 00:38:26,034 INFO Register tps control,pointName=HealthCheck, point=com.alibaba.nacos.core.remote.control.TpsMonitorPoint@5b6813df 

2022-11-03 00:38:26,034 INFO Load rule from local,pointName=HealthCheck, ruleContent= 

2022-11-03 00:38:26,034 INFO Apply tps control rule parse start,pointName=[HealthCheck]  

2022-11-03 00:38:26,034 INFO Clear point  control rule ,pointName=[HealthCheck]  

2022-11-03 00:38:26,034 INFO Clear point  control rule for monitorKeys, pointName=[HealthCheck]  

